2020-12-27 14:18:17 INFO  ProjectStartupHandler.runActivity(74) - ---------- Project opened ----------
2020-12-27 14:18:17 INFO  ProjectStartupHandler.runActivity(75) - ---------- Version 3.45 ----------

2020-12-27 14:18:17 INFO  ProjectStartupHandler.setAutoscrolls(346) - Autoscrolls successfully set
2020-12-27 14:18:17 INFO  ApacheHttpClient.isSessionAppropriateWithSecretKey(589) - The session is not set in the property file.
2020-12-27 14:18:17 INFO  ApacheHttpClient.login(250) - Waiting for server response.
2020-12-27 14:18:17 INFO  ApacheHttpClient.login(250) - Waiting for server response.
2020-12-27 14:18:17 INFO  ApacheHttpClient.login(250) - Waiting for server response.
2020-12-27 14:18:18 INFO  ApacheHttpClient.login(250) - Waiting for server response.
2020-12-27 14:18:18 INFO  ApacheHttpClient.login(254) - responseCode = 200
2020-12-27 14:18:18 INFO  ApacheHttpClient.login(277) - JSESSIONID OK
2020-12-27 14:18:18 INFO  ApacheHttpClient.refreshUserInfo(305) - responseCode = 200
2020-12-27 14:18:18 INFO  ApacheHttpClient.refreshUserInfo(311) - User information received.
2020-12-27 14:18:18 INFO  ApacheHttpClient.startGA(36) - GAService started.
2020-12-27 14:18:18 INFO  AbstractRestApiClient.startService(71) - EventsService started.
2020-12-27 14:18:26 INFO  ApacheHttpClient.getWebResourceAsStream(502) - responseCode = 200
2020-12-27 14:18:27 INFO  ApacheHttpClient.getFilteredTasks(336) - responseCode = 200
2020-12-27 14:22:37 INFO  ApacheHttpClient.getWebResourceAsStream(502) - responseCode = 200
2020-12-27 14:22:39 INFO  ApacheHttpClient.getFilteredTasks(336) - responseCode = 200
2020-12-27 14:22:54 INFO  ApacheHttpClient.getFilteredTasks(336) - responseCode = 200
2020-12-27 14:23:01 INFO  ApacheHttpClient.getFilteredTasks(336) - responseCode = 200
2020-12-27 14:23:07 INFO  ApacheHttpClient.getFilteredTasks(336) - responseCode = 200
2020-12-27 14:32:35 INFO  ProjectStartupHandler.projectClosing(155) - ---------- Project closed ----------

2020-12-27 14:32:35 INFO  PluginProjectService.dispose(41) - PluginProjectService for disposed.
2020-12-27 14:39:54 INFO  ProjectStartupHandler.runActivity(74) - ---------- Project opened ----------
2020-12-27 14:39:54 INFO  ProjectStartupHandler.runActivity(75) - ---------- Version 3.45 ----------

2020-12-27 14:39:54 INFO  ApacheHttpClient.isSessionAppropriateWithSecretKey(602) - Waiting for server response.
2020-12-27 14:39:55 INFO  ApacheHttpClient.isSessionAppropriateWithSecretKey(602) - Waiting for server response.
2020-12-27 14:39:55 INFO  ApacheHttpClient.refreshUserInfo(305) - responseCode = 200
2020-12-27 14:39:55 INFO  ApacheHttpClient.refreshUserInfo(311) - User information received.
2020-12-27 14:39:55 INFO  ApacheHttpClient.startGA(36) - GAService started.
2020-12-27 14:39:55 INFO  AbstractRestApiClient.startService(71) - EventsService started.
2020-12-27 14:40:06 INFO  ApacheHttpClient.getWebResourceAsStream(502) - responseCode = 200
2020-12-27 14:40:07 INFO  ApacheHttpClient.getFilteredTasks(336) - responseCode = 200
